nanobot-1  | 2026-03-28 20:46:33.877 | INFO     | nanobot.agent.loop:_process_message:425 - Processing message from webchat:03b5a6e7-75ac-4a32-9cd0-90e1cff067a0: What labs are available?
nanobot-1  | 2026-03-28 20:46:38.887 | INFO     | nanobot.agent.loop:_prepare_tools:253 - Tool call: mcp_lms_lms_labs({})
nanobot-1  | 2026-03-28 20:46:43.201 | INFO     | nanobot.agent.loop:_process_message:479 - Response to webchat:03b5a6e7-75ac-4a32-9cd0-90e1cff067a0: Here are the available labs:
nanobot-1  | 
nanobot-1  | 1. **Lab 01** – Products, Architecture & Roles
nanobot-1  | 2. **Lab 02** — Run, Fix, and Deploy a Back...
nanobot-1  | 2026-03-28 20:46:43.221 | DEBUG    | nanobot.agent.memory:maybe_consolidate_by_tokens:323 - Token consolidation idle webchat:03b5a6e7-75ac-4a32-9cd0-90e1cff067a0: 6460/65536 via tiktoken
nanobot-1  | 2026-03-28 20:46:52.078 | INFO     | nanobot.agent.loop:_process_message:425 - Processing message from webchat:03b5a6e7-75ac-4a32-9cd0-90e1cff067a0: What went wrong?
nanobot-1  | 2026-03-28 20:46:52.103 | DEBUG    | nanobot.agent.memory:maybe_consolidate_by_tokens:323 - Token consolidation idle webchat:03b5a6e7-75ac-4a32-9cd0-90e1cff067a0: 6460/65536 via tiktoken
nanobot-1  | 2026-03-28 20:47:00.203 | INFO     | nanobot.agent.loop:_prepare_tools:253 - Tool call: read_file({"path": "/app/nanobot/workspace/memory/MEMORY.md"})
nanobot-1  | 2026-03-28 20:47:00.203 | INFO     | nanobot.agent.loop:_prepare_tools:253 - Tool call: read_file({"path": "/app/nanobot/workspace/memory/HISTORY.md"})
nanobot-1  | 2026-03-28 20:47:02.703 | INFO     | nanobot.agent.loop:_prepare_tools:253 - Tool call: list_dir({"path": "/app/nanobot/workspace"})
nanobot-1  | 2026-03-28 20:47:06.477 | INFO     | nanobot.agent.loop:_process_message:479 - Response to webchat:03b5a6e7-75ac-4a32-9cd0-90e1cff067a0: I don't have any context about what specific issue you're referring to. The memory files are empty and there's no recent...
nanobot-1  | 2026-03-28 20:47:06.494 | DEBUG    | nanobot.agent.memory:maybe_consolidate_by_tokens:323 - Token consolidation idle webchat:03b5a6e7-75ac-4a32-9cd0-90e1cff067a0: 7005/65536 via tiktoken
nanobot-1  | 2026-03-28 20:47:35.823 | INFO     | nanobot.heartbeat.service:_tick:154 - Heartbeat: checking for tasks...
nanobot-1  | 2026-03-28 20:47:40.056 | INFO     | nanobot.heartbeat.service:_tick:160 - Heartbeat: OK (nothing to report)
nanobot-1  | 2026-03-28 20:47:48.211 | INFO     | nanobot.cron.service:_execute_job:268 - Cron: executing job '🔍 LMS Backend Health Check' (f9529347)
nanobot-1  | 2026-03-28 20:47:48.212 | INFO     | nanobot.agent.loop:_process_message:425 - Processing message from webchat:user: [Scheduled Task] Timer finished.
nanobot-1  | 
nanobot-1  | Task '🔍 LMS Backend Health Check' has been tri...
nanobot-1  | 2026-03-28 20:47:48.236 | DEBUG    | nanobot.agent.memory:maybe_consolidate_by_tokens:323 - Token consolidation idle cron:f9529347: 7069/65536 via tiktoken
nanobot-1  | 2026-03-28 20:47:53.274 | INFO     | nanobot.agent.loop:_prepare_tools:253 - Tool call: mcp_lms_lms_health({})
nanobot-1  | 2026-03-28 20:47:57.831 | INFO     | nanobot.agent.loop:_process_message:479 - Response to webchat:user: ## 🔍 LMS Backend Health Check — Result
nanobot-1  | 
nanobot-1  | **Status:** ✅ Healthy  
nanobot-1  | **Item Count:** 56 items  
nanobot-1  | **Error:** None
nanobot-1  | 
nanobot-1  | The LMS back...
nanobot-1  | 2026-03-28 20:47:57.858 | DEBUG    | nanobot.agent.memory:maybe_consolidate_by_tokens:323 - Token consolidation idle cron:f9529347: 7259/65536 via tiktoken
nanobot-1  | 2026-03-28 20:48:02.439 | INFO     | nanobot.utils.evaluator:evaluate_response:87 - evaluate_response: should_notify=True, reason=The health check shows the LMS backend has recovered from a previous error and is now healthy with 56 items - this is important status information the user should know.
nanobot-1  | 2026-03-28 20:48:02.440 | INFO     | nanobot.cron.service:_execute_job:276 - Cron: job '🔍 LMS Backend Health Check' completed
nanobot-1  | [1;33m[WARNING]	(channel.py:114)send	[0mWebChat: no connection for chat_id=f2bcba06-9c76-4f08-9727-b4810696186e
nanobot-1  | 2026-03-28 20:48:53.865 | INFO     | nanobot.agent.loop:_process_message:425 - Processing message from webchat:03b5a6e7-75ac-4a32-9cd0-90e1cff067a0: Create a health check for this chat that runs every 2 minutes. Each run should c...
nanobot-1  | 2026-03-28 20:48:53.876 | DEBUG    | nanobot.agent.memory:maybe_consolidate_by_tokens:323 - Token consolidation idle webchat:03b5a6e7-75ac-4a32-9cd0-90e1cff067a0: 7005/65536 via tiktoken
nanobot-1  | 2026-03-28 20:49:07.657 | INFO     | nanobot.agent.loop:_prepare_tools:253 - Tool call: read_file({"path": "/app/nanobot/workspace/HEARTBEAT.md"})
nanobot-1  | 2026-03-28 20:49:13.275 | INFO     | nanobot.agent.loop:_process_message:479 - Response to webchat:03b5a6e7-75ac-4a32-9cd0-90e1cff067a0: I see the constraints now. The `cron` tool only sends predefined reminder messages - it cannot execute dynamic logic lik...
nanobot-1  | 2026-03-28 20:49:13.300 | DEBUG    | nanobot.agent.memory:maybe_consolidate_by_tokens:323 - Token consolidation idle webchat:03b5a6e7-75ac-4a32-9cd0-90e1cff067a0: 7560/65536 via tiktoken
nanobot-1  | 2026-03-28 20:49:27.111 | INFO     | nanobot.agent.loop:_process_message:425 - Processing message from webchat:03b5a6e7-75ac-4a32-9cd0-90e1cff067a0: List scheduled jobs.
nanobot-1  | 2026-03-28 20:49:27.139 | DEBUG    | nanobot.agent.memory:maybe_consolidate_by_tokens:323 - Token consolidation idle webchat:03b5a6e7-75ac-4a32-9cd0-90e1cff067a0: 7560/65536 via tiktoken
nanobot-1  | 2026-03-28 20:49:32.212 | INFO     | nanobot.agent.loop:_prepare_tools:253 - Tool call: cron({"action": "list"})
nanobot-1  | 2026-03-28 20:49:36.628 | INFO     | nanobot.agent.loop:_process_message:479 - Response to webchat:03b5a6e7-75ac-4a32-9cd0-90e1cff067a0: You have one scheduled job:
nanobot-1  | 
nanobot-1  | **🔍 LMS Backend Health Check**
nanobot-1  | - **Job ID:** f9529347
nanobot-1  | - **Interval:** Every 2 minutes
nanobot-1  | - **L...
nanobot-1  | 2026-03-28 20:49:36.651 | DEBUG    | nanobot.agent.memory:maybe_consolidate_by_tokens:323 - Token consolidation idle webchat:03b5a6e7-75ac-4a32-9cd0-90e1cff067a0: 7806/65536 via tiktoken
nanobot-1  | 2026-03-28 20:50:02.444 | INFO     | nanobot.cron.service:_execute_job:268 - Cron: executing job '🔍 LMS Backend Health Check' (f9529347)
nanobot-1  | 2026-03-28 20:50:02.444 | INFO     | nanobot.agent.loop:_process_message:425 - Processing message from webchat:user: [Scheduled Task] Timer finished.
nanobot-1  | 
nanobot-1  | Task '🔍 LMS Backend Health Check' has been tri...
nanobot-1  | 2026-03-28 20:50:02.469 | DEBUG    | nanobot.agent.memory:maybe_consolidate_by_tokens:323 - Token consolidation idle cron:f9529347: 7259/65536 via tiktoken
nanobot-1  | 2026-03-28 20:50:07.691 | INFO     | nanobot.agent.loop:_prepare_tools:253 - Tool call: mcp_lms_lms_health({})
nanobot-1  | 2026-03-28 20:50:09.856 | INFO     | nanobot.agent.loop:_process_message:479 - Response to webchat:user: ## 🔍 LMS Backend Health Check — Result
nanobot-1  | 
nanobot-1  | **Status:** ✅ Healthy  
nanobot-1  | **Item Count:** 56 items  
nanobot-1  | **Error:** None
nanobot-1  | 
nanobot-1  | The LMS back...
nanobot-1  | 2026-03-28 20:50:09.867 | DEBUG    | nanobot.agent.memory:maybe_consolidate_by_tokens:323 - Token consolidation idle cron:f9529347: 7415/65536 via tiktoken
nanobot-1  | 2026-03-28 20:50:13.955 | INFO     | nanobot.utils.evaluator:evaluate_response:87 - evaluate_response: should_notify=False, reason=Routine health check showing normal operation with no errors or actionable information.
nanobot-1  | 2026-03-28 20:50:13.955 | INFO     | nanobot.cron.service:_execute_job:276 - Cron: job '🔍 LMS Backend Health Check' completed
nanobot-1  | 2026-03-28 20:52:13.958 | INFO     | nanobot.cron.service:_execute_job:268 - Cron: executing job '🔍 LMS Backend Health Check' (f9529347)
nanobot-1  | 2026-03-28 20:52:13.958 | INFO     | nanobot.agent.loop:_process_message:425 - Processing message from webchat:user: [Scheduled Task] Timer finished.
nanobot-1  | 
nanobot-1  | Task '🔍 LMS Backend Health Check' has been tri...
nanobot-1  | 2026-03-28 20:52:13.982 | DEBUG    | nanobot.agent.memory:maybe_consolidate_by_tokens:323 - Token consolidation idle cron:f9529347: 7415/65536 via tiktoken
nanobot-1  | 2026-03-28 20:52:17.206 | INFO     | nanobot.agent.loop:_prepare_tools:253 - Tool call: mcp_lms_lms_health({})
nanobot-1  | 2026-03-28 20:52:19.665 | INFO     | nanobot.agent.loop:_process_message:479 - Response to webchat:user: ## 🔍 LMS Backend Health Check — Result
nanobot-1  | 
nanobot-1  | **Status:** ✅ Healthy  
nanobot-1  | **Item Count:** 56 items  
nanobot-1  | **Error:** None
nanobot-1  | 
nanobot-1  | The LMS back...
nanobot-1  | 2026-03-28 20:52:19.693 | DEBUG    | nanobot.agent.memory:maybe_consolidate_by_tokens:323 - Token consolidation idle cron:f9529347: 7577/65536 via tiktoken
nanobot-1  | 2026-03-28 20:52:25.880 | INFO     | nanobot.utils.evaluator:evaluate_response:87 - evaluate_response: should_notify=False, reason=Routine health check showing normal operation with no errors or actionable information.
nanobot-1  | 2026-03-28 20:52:25.880 | INFO     | nanobot.cron.service:_execute_job:276 - Cron: job '🔍 LMS Backend Health Check' completed
nanobot-1  | 2026-03-28 20:53:03.300 | INFO     | nanobot.agent.loop:_process_message:425 - Processing message from webchat:a5ada28d-c2c4-4aa6-bb10-8ac7538bbb51: What labs are available?
nanobot-1  | 2026-03-28 20:53:08.307 | INFO     | nanobot.agent.loop:_prepare_tools:253 - Tool call: mcp_lms_lms_labs({})
nanobot-1  | 2026-03-28 20:53:10.627 | INFO     | nanobot.agent.loop:_prepare_tools:253 - Tool call: mcp_lms_lms_health({})
nanobot-1  | 2026-03-28 20:53:13.180 | INFO     | nanobot.agent.loop:_prepare_tools:253 - Tool call: mcp_lms_lms_sync_pipeline({})
nanobot-1  | 2026-03-28 20:53:18.525 | INFO     | nanobot.agent.loop:_process_message:479 - Response to webchat:a5ada28d-c2c4-4aa6-bb10-8ac7538bbb51: The LMS backend is currently experiencing technical difficulties (HTTP 500 Internal Server Error). The service is report...
nanobot-1  | 2026-03-28 20:53:18.533 | DEBUG    | nanobot.agent.memory:maybe_consolidate_by_tokens:323 - Token consolidation idle webchat:a5ada28d-c2c4-4aa6-bb10-8ac7538bbb51: 6374/65536 via tiktoken
nanobot-1  | 2026-03-28 20:53:29.165 | INFO     | nanobot.agent.loop:_process_message:425 - Processing message from webchat:a5ada28d-c2c4-4aa6-bb10-8ac7538bbb51: What went wrong?
nanobot-1  | 2026-03-28 20:53:29.190 | DEBUG    | nanobot.agent.memory:maybe_consolidate_by_tokens:323 - Token consolidation idle webchat:a5ada28d-c2c4-4aa6-bb10-8ac7538bbb51: 6374/65536 via tiktoken
nanobot-1  | 2026-03-28 20:53:35.596 | INFO     | nanobot.agent.loop:_prepare_tools:253 - Tool call: mcp_obs_logs_search({"keyword": "LMS", "limit": 20, "minutes": 30})
nanobot-1  | 2026-03-28 20:53:35.597 | INFO     | nanobot.agent.loop:_prepare_tools:253 - Tool call: mcp_obs_logs_error_count({"minutes": 30})
nanobot-1  | [03/28/26 20:53:35] INFO     Processing request of type            server.py:720
nanobot-1  |                              CallToolRequest                                    
nanobot-1  |                     INFO     Processing request of type            server.py:720
nanobot-1  |                              CallToolRequest                                    
nanobot-1  |                     INFO     HTTP Request: POST                  _client.py:1740
nanobot-1  |                              http://victorialogs:9428/select/log                
nanobot-1  |                              sql/query "HTTP/1.1 200 OK"                        
nanobot-1  |                     INFO     HTTP Request: POST                  _client.py:1740
nanobot-1  |                              http://victorialogs:9428/select/log                
nanobot-1  |                              sql/query "HTTP/1.1 200 OK"                        
nanobot-1  | 2026-03-28 20:53:38.991 | INFO     | nanobot.agent.loop:_prepare_tools:253 - Tool call: mcp_obs_logs_search({"service_name": "Learning Management Service", "limit": 20, "minutes": 30})
nanobot-1  | 2026-03-28 20:53:38.992 | INFO     | nanobot.agent.loop:_prepare_tools:253 - Tool call: mcp_obs_traces_list({"service_name": "Learning Management Service", "limit": 10, "minutes": 30})
nanobot-1  | [03/28/26 20:53:38] INFO     Processing request of type            server.py:720
nanobot-1  |                              CallToolRequest                                    
nanobot-1  | [03/28/26 20:53:39] INFO     Processing request of type            server.py:720
nanobot-1  |                              CallToolRequest                                    
nanobot-1  |                     INFO     HTTP Request: POST                  _client.py:1740
nanobot-1  |                              http://victorialogs:9428/select/log                
nanobot-1  |                              sql/query "HTTP/1.1 200 OK"                        
nanobot-1  |                     INFO     HTTP Request: GET                   _client.py:1740
nanobot-1  |                              http://victoriatraces:10428/select/                
nanobot-1  |                              jaeger/api/traces?service=Learning+                
nanobot-1  |                              Management+Service&limit=10&start=1                
nanobot-1  |                              774729419069788&end=177473121906978                
nanobot-1  |                              8 "HTTP/1.1 200 OK"                                
nanobot-1  | 2026-03-28 20:53:41.390 | INFO     | nanobot.agent.loop:_prepare_tools:253 - Tool call: mcp_obs_traces_get({"trace_id": "9bb96cb6c3be7151cee88389d34cf337"})
nanobot-1  | [03/28/26 20:53:41] INFO     Processing request of type            server.py:720
nanobot-1  |                              CallToolRequest                                    
nanobot-1  |                     INFO     HTTP Request: GET                   _client.py:1740
nanobot-1  |                              http://victoriatraces:10428/select/                
nanobot-1  |                              jaeger/api/traces/9bb96cb6c3be7151c                
nanobot-1  |                              ee88389d34cf337 "HTTP/1.1 200 OK"                  
nanobot-1  | 2026-03-28 20:53:46.298 | INFO     | nanobot.agent.loop:_prepare_tools:253 - Tool call: mcp_obs_traces_get({"trace_id": "d7d9201e83b6ae5a308e4e1b3c43c0ee"})
nanobot-1  | [03/28/26 20:53:46] INFO     Processing request of type            server.py:720
nanobot-1  |                              CallToolRequest                                    
nanobot-1  |                     INFO     HTTP Request: GET                   _client.py:1740
nanobot-1  |                              http://victoriatraces:10428/select/                
nanobot-1  |                              jaeger/api/traces/d7d9201e83b6ae5a3                
nanobot-1  |                              08e4e1b3c43c0ee "HTTP/1.1 200 OK"                  
nanobot-1  | 2026-03-28 20:53:50.451 | INFO     | nanobot.agent.loop:_prepare_tools:253 - Tool call: mcp_obs_logs_search({"keyword": "exception", "limit": 10, "minutes": 30})
nanobot-1  | [03/28/26 20:53:50] INFO     Processing request of type            server.py:720
nanobot-1  |                              CallToolRequest                                    
nanobot-1  |                     INFO     HTTP Request: POST                  _client.py:1740
nanobot-1  |                              http://victorialogs:9428/select/log                
nanobot-1  |                              sql/query "HTTP/1.1 200 OK"                        
nanobot-1  | 2026-03-28 20:53:54.043 | INFO     | nanobot.agent.loop:_prepare_tools:253 - Tool call: mcp_obs_logs_search({"keyword": "error", "limit": 20, "minutes": 30})
nanobot-1  | [03/28/26 20:53:54] INFO     Processing request of type            server.py:720
nanobot-1  |                              CallToolRequest                                    
nanobot-1  |                     INFO     HTTP Request: POST                  _client.py:1740
nanobot-1  |                              http://victorialogs:9428/select/log                
nanobot-1  |                              sql/query "HTTP/1.1 200 OK"                        
nanobot-1  | 2026-03-28 20:53:59.841 | INFO     | nanobot.agent.loop:_process_message:479 - Response to webchat:a5ada28d-c2c4-4aa6-bb10-8ac7538bbb51: Based on my investigation, here's what went wrong:
nanobot-1  | 
nanobot-1  | ## LMS Backend Issue Summary
nanobot-1  | 
nanobot-1  | **Problem:** The Learning Management S...
nanobot-1  | 2026-03-28 20:53:59.863 | DEBUG    | nanobot.agent.memory:maybe_consolidate_by_tokens:323 - Token consolidation idle webchat:a5ada28d-c2c4-4aa6-bb10-8ac7538bbb51: 9418/65536 via tiktoken
nanobot-1  | 2026-03-28 20:54:25.882 | INFO     | nanobot.cron.service:_execute_job:268 - Cron: executing job '🔍 LMS Backend Health Check' (f9529347)
nanobot-1  | 2026-03-28 20:54:25.882 | INFO     | nanobot.agent.loop:_process_message:425 - Processing message from webchat:user: [Scheduled Task] Timer finished.
nanobot-1  | 
nanobot-1  | Task '🔍 LMS Backend Health Check' has been tri...
nanobot-1  | 2026-03-28 20:54:25.909 | DEBUG    | nanobot.agent.memory:maybe_consolidate_by_tokens:323 - Token consolidation idle cron:f9529347: 7577/65536 via tiktoken
nanobot-1  | 2026-03-28 20:54:29.786 | INFO     | nanobot.agent.loop:_prepare_tools:253 - Tool call: mcp_lms_lms_health({})
nanobot-1  | 2026-03-28 20:54:33.707 | INFO     | nanobot.agent.loop:_process_message:479 - Response to webchat:user: ## 🔍 LMS Backend Health Check — Result
nanobot-1  | 
nanobot-1  | **Status:** ❌ Unhealthy  
nanobot-1  | **Error:** HTTP 500 (Internal Server Error)  
nanobot-1  | **Item C...
nanobot-1  | 2026-03-28 20:54:33.735 | DEBUG    | nanobot.agent.memory:maybe_consolidate_by_tokens:323 - Token consolidation idle cron:f9529347: 7787/65536 via tiktoken
nanobot-1  | 2026-03-28 20:54:39.291 | INFO     | nanobot.utils.evaluator:evaluate_response:87 - evaluate_response: should_notify=True, reason=The health check detected an HTTP 500 error on the LMS backend, which is an actionable issue requiring investigation of server logs.
nanobot-1  | 2026-03-28 20:54:39.291 | INFO     | nanobot.cron.service:_execute_job:276 - Cron: job '🔍 LMS Backend Health Check' completed
nanobot-1  | [1;33m[WARNING]	(channel.py:114)send	[0mWebChat: no connection for chat_id=f2bcba06-9c76-4f08-9727-b4810696186e
